CRITICAL - 2022-09-05 23:25:33 --> auth filter must have a matching alias defined.
in SYSTEMPATH\Filters\Filters.php on line 340.
 1 SYSTEMPATH\Filters\Filters.php(340): CodeIgniter\Filters\Exceptions\FilterException::forNoAlias('auth')
 2 SYSTEMPATH\CodeIgniter.php(422): CodeIgniter\Filters\Filters->enableFilter('auth', 'before')
 3 SYSTEMPATH\CodeIgniter.php(340): CodeIgniter\CodeIgniter->handleRequest(null, Object(Config\Cache), false)
 4 FCPATH\index.php(95): CodeIgniter\CodeIgniter->run()
CRITICAL - 2022-09-05 23:26:20 --> Invalid file: \Modules\Template\Views\layouts.php
in SYSTEMPATH\Exceptions\FrameworkException.php on line 33.
 1 SYSTEMPATH\View\View.php(201): CodeIgniter\Exceptions\FrameworkException::forInvalidFile('\\Modules\\Template\\Views\\layouts.php')
 2 SYSTEMPATH\View\View.php(229): CodeIgniter\View\View->render('\\Modules\\Template\\Views\\layouts', [], true)
 3 SYSTEMPATH\Common.php(1137): CodeIgniter\View\View->render('\\Modules\\UserModule\\Views\\login', [], true)
 4 FCPATH\modules\UserModule\Controllers\UserController.php(106): view('\\Modules\\UserModule\\Views\\login')
 5 SYSTEMPATH\CodeIgniter.php(904): Modules\UserModule\Controllers\UserController->login()
 6 SYSTEMPATH\CodeIgniter.php(457): CodeIgniter\CodeIgniter->runController(Object(Modules\UserModule\Controllers\UserController))
 7 SYSTEMPATH\CodeIgniter.php(340): CodeIgniter\CodeIgniter->handleRequest(null, Object(Config\Cache), false)
 8 FCPATH\index.php(95): CodeIgniter\CodeIgniter->run()
CRITICAL - 2022-09-05 23:27:58 --> validateUser is not a valid rule.
in SYSTEMPATH\Validation\Validation.php on line 316.
 1 SYSTEMPATH\Validation\Validation.php(316): CodeIgniter\Validation\Exceptions\ValidationException::forRuleNotFound('validateUser')
 2 SYSTEMPATH\Validation\Validation.php(175): CodeIgniter\Validation\Validation->processRules('password', 'password', '123456', [...], [...])
 3 SYSTEMPATH\Controller.php(140): CodeIgniter\Validation\Validation->run()
 4 FCPATH\modules\UserModule\Controllers\UserController.php(38): CodeIgniter\Controller->validate([...], [...])
 5 SYSTEMPATH\CodeIgniter.php(904): Modules\UserModule\Controllers\UserController->login()
 6 SYSTEMPATH\CodeIgniter.php(457): CodeIgniter\CodeIgniter->runController(Object(Modules\UserModule\Controllers\UserController))
 7 SYSTEMPATH\CodeIgniter.php(340): CodeIgniter\CodeIgniter->handleRequest(null, Object(Config\Cache), false)
 8 FCPATH\index.php(95): CodeIgniter\CodeIgniter->run()
ERROR - 2022-09-05 23:28:48 --> mysqli_sql_exception: Table 'ci_user_module.rcn0_users' doesn't exist in E:\xampp\htdocs\ci4\system\Database\MySQLi\Connection.php:292
Stack trace:
#0 E:\xampp\htdocs\ci4\system\Database\MySQLi\Connection.php(292): mysqli->query('SELECT *\nFROM `...', 0)
#1 E:\xampp\htdocs\ci4\system\Database\BaseConnection.php(693): CodeIgniter\Database\MySQLi\Connection->execute('SELECT *\nFROM `...')
#2 E:\xampp\htdocs\ci4\system\Database\BaseConnection.php(620): CodeIgniter\Database\BaseConnection->simpleQuery('SELECT *\nFROM `...')
#3 E:\xampp\htdocs\ci4\system\Database\BaseBuilder.php(1585): CodeIgniter\Database\BaseConnection->query('SELECT *\nFROM `...', Array, false)
#4 E:\xampp\htdocs\ci4\system\Model.php(249): CodeIgniter\Database\BaseBuilder->get()
#5 E:\xampp\htdocs\ci4\system\BaseModel.php(622): CodeIgniter\Model->doFirst()
#6 E:\xampp\htdocs\ci4\modules\UserModule\Validation\Userrules.php(12): CodeIgniter\BaseModel->first()
#7 E:\xampp\htdocs\ci4\system\Validation\Validation.php(308): Modules\UserModule\Validation\Userrules->validateUser('123456', 'email,password', Array, NULL)
#8 E:\xampp\htdocs\ci4\system\Validation\Validation.php(175): CodeIgniter\Validation\Validation->processRules('password', 'password', '123456', Array, Array)
#9 E:\xampp\htdocs\ci4\system\Controller.php(140): CodeIgniter\Validation\Validation->run()
#10 E:\xampp\htdocs\ci4\modules\UserModule\Controllers\UserController.php(38): CodeIgniter\Controller->validate(Array, Array)
#11 E:\xampp\htdocs\ci4\system\CodeIgniter.php(904): Modules\UserModule\Controllers\UserController->login()
#12 E:\xampp\htdocs\ci4\system\CodeIgniter.php(457): CodeIgniter\CodeIgniter->runController(Object(Modules\UserModule\Controllers\UserController))
#13 E:\xampp\htdocs\ci4\system\CodeIgniter.php(340): CodeIgniter\CodeIgniter->handleRequest(NULL, Object(Config\Cache), false)
#14 E:\xampp\htdocs\ci4\index.php(95): CodeIgniter\CodeIgniter->run()
#15 {main}
CRITICAL - 2022-09-05 23:28:48 --> Table 'ci_user_module.rcn0_users' doesn't exist
in SYSTEMPATH\Database\MySQLi\Connection.php on line 292.
 1 SYSTEMPATH\Database\MySQLi\Connection.php(292): mysqli->query('SELECT *
FROM `rcn0_users`
WHERE `email` = \'hs_admin@gmail.com\'
 LIMIT 1', 0)
 2 SYSTEMPATH\Database\BaseConnection.php(693): CodeIgniter\Database\MySQLi\Connection->execute('SELECT *
FROM `rcn0_users`
WHERE `email` = \'hs_admin@gmail.com\'
 LIMIT 1')
 3 SYSTEMPATH\Database\BaseConnection.php(620): CodeIgniter\Database\BaseConnection->simpleQuery('SELECT *
FROM `rcn0_users`
WHERE `email` = \'hs_admin@gmail.com\'
 LIMIT 1')
 4 SYSTEMPATH\Database\BaseBuilder.php(1585): CodeIgniter\Database\BaseConnection->query('SELECT *
FROM `rcn0_users`
WHERE `email` = :email:
 LIMIT 1', [...], false)
 5 SYSTEMPATH\Model.php(249): CodeIgniter\Database\BaseBuilder->get()
 6 SYSTEMPATH\BaseModel.php(622): CodeIgniter\Model->doFirst()
 7 FCPATH\modules\UserModule\Validation\Userrules.php(12): CodeIgniter\BaseModel->first()
 8 SYSTEMPATH\Validation\Validation.php(308): Modules\UserModule\Validation\Userrules->validateUser('123456', 'email,password', [...], null)
 9 SYSTEMPATH\Validation\Validation.php(175): CodeIgniter\Validation\Validation->processRules('password', 'password', '123456', [...], [...])
10 SYSTEMPATH\Controller.php(140): CodeIgniter\Validation\Validation->run()
11 FCPATH\modules\UserModule\Controllers\UserController.php(38): CodeIgniter\Controller->validate([...], [...])
12 SYSTEMPATH\CodeIgniter.php(904): Modules\UserModule\Controllers\UserController->login()
13 SYSTEMPATH\CodeIgniter.php(457): CodeIgniter\CodeIgniter->runController(Object(Modules\UserModule\Controllers\UserController))
14 SYSTEMPATH\CodeIgniter.php(340): CodeIgniter\CodeIgniter->handleRequest(null, Object(Config\Cache), false)
15 FCPATH\index.php(95): CodeIgniter\CodeIgniter->run()
ERROR - 2022-09-05 23:29:43 --> mysqli_sql_exception: Unknown column 'last_login' in 'field list' in E:\xampp\htdocs\ci4\system\Database\MySQLi\Connection.php:292
Stack trace:
#0 E:\xampp\htdocs\ci4\system\Database\MySQLi\Connection.php(292): mysqli->query('UPDATE `users` ...', 0)
#1 E:\xampp\htdocs\ci4\system\Database\BaseConnection.php(693): CodeIgniter\Database\MySQLi\Connection->execute('UPDATE `users` ...')
#2 E:\xampp\htdocs\ci4\system\Database\BaseConnection.php(620): CodeIgniter\Database\BaseConnection->simpleQuery('UPDATE `users` ...')
#3 E:\xampp\htdocs\ci4\system\Database\BaseBuilder.php(2078): CodeIgniter\Database\BaseConnection->query('UPDATE `users` ...', Array, false)
#4 E:\xampp\htdocs\ci4\system\Model.php(337): CodeIgniter\Database\BaseBuilder->update()
#5 E:\xampp\htdocs\ci4\system\BaseModel.php(865): CodeIgniter\Model->doUpdate(Array, Array)
#6 E:\xampp\htdocs\ci4\system\Model.php(692): CodeIgniter\BaseModel->update(Array, Array)
#7 E:\xampp\htdocs\ci4\modules\UserModule\Controllers\UserController.php(59): CodeIgniter\Model->update('1', Array)
#8 E:\xampp\htdocs\ci4\system\CodeIgniter.php(904): Modules\UserModule\Controllers\UserController->login()
#9 E:\xampp\htdocs\ci4\system\CodeIgniter.php(457): CodeIgniter\CodeIgniter->runController(Object(Modules\UserModule\Controllers\UserController))
#10 E:\xampp\htdocs\ci4\system\CodeIgniter.php(340): CodeIgniter\CodeIgniter->handleRequest(NULL, Object(Config\Cache), false)
#11 E:\xampp\htdocs\ci4\index.php(95): CodeIgniter\CodeIgniter->run()
#12 {main}
CRITICAL - 2022-09-05 23:29:43 --> Unknown column 'last_login' in 'field list'
in SYSTEMPATH\Database\MySQLi\Connection.php on line 292.
 1 SYSTEMPATH\Database\MySQLi\Connection.php(292): mysqli->query('UPDATE `users` SET `last_login` = \'2022-09-05 11:09:43\'
WHERE `users`.`id` IN (\'1\')', 0)
 2 SYSTEMPATH\Database\BaseConnection.php(693): CodeIgniter\Database\MySQLi\Connection->execute('UPDATE `users` SET `last_login` = \'2022-09-05 11:09:43\'
WHERE `users`.`id` IN (\'1\')')
 3 SYSTEMPATH\Database\BaseConnection.php(620): CodeIgniter\Database\BaseConnection->simpleQuery('UPDATE `users` SET `last_login` = \'2022-09-05 11:09:43\'
WHERE `users`.`id` IN (\'1\')')
 4 SYSTEMPATH\Database\BaseBuilder.php(2078): CodeIgniter\Database\BaseConnection->query('UPDATE `users` SET `last_login` = :last_login:
WHERE `users`.`id` IN :users.id:', [...], false)
 5 SYSTEMPATH\Model.php(337): CodeIgniter\Database\BaseBuilder->update()
 6 SYSTEMPATH\BaseModel.php(865): CodeIgniter\Model->doUpdate([...], [...])
 7 SYSTEMPATH\Model.php(692): CodeIgniter\BaseModel->update([...], [...])
 8 FCPATH\modules\UserModule\Controllers\UserController.php(59): CodeIgniter\Model->update('1', [...])
 9 SYSTEMPATH\CodeIgniter.php(904): Modules\UserModule\Controllers\UserController->login()
10 SYSTEMPATH\CodeIgniter.php(457): CodeIgniter\CodeIgniter->runController(Object(Modules\UserModule\Controllers\UserController))
11 SYSTEMPATH\CodeIgniter.php(340): CodeIgniter\CodeIgniter->handleRequest(null, Object(Config\Cache), false)
12 FCPATH\index.php(95): CodeIgniter\CodeIgniter->run()
CRITICAL - 2022-09-05 23:30:22 --> Undefined index: name
in FCPATH\modules\UserModule\Controllers\UserController.php on line 118.
 1 FCPATH\modules\UserModule\Controllers\UserController.php(118): CodeIgniter\Debug\Exceptions->errorHandler(8, 'Undefined index: name', 'FCPATH\\modules\\UserModule\\Controllers\\UserController.php', 118, [...])
 2 FCPATH\modules\UserModule\Controllers\UserController.php(98): Modules\UserModule\Controllers\UserController->setUserSession([...])
 3 SYSTEMPATH\CodeIgniter.php(904): Modules\UserModule\Controllers\UserController->login()
 4 SYSTEMPATH\CodeIgniter.php(457): CodeIgniter\CodeIgniter->runController(Object(Modules\UserModule\Controllers\UserController))
 5 SYSTEMPATH\CodeIgniter.php(340): CodeIgniter\CodeIgniter->handleRequest(null, Object(Config\Cache), false)
 6 FCPATH\index.php(95): CodeIgniter\CodeIgniter->run()
