CRITICAL - 2022-09-07 00:50:08 --> Use of undefined constant SITE_URL - assumed 'SITE_URL' (this will throw an Error in a future version of PHP)
in FCPATH\modules\Template\Views\common\footer.php on line 22.
 1 FCPATH\modules\Template\Views\common\footer.php(22): CodeIgniter\Debug\Exceptions->errorHandler(2, 'Use of undefined constant SITE_URL - assumed \'SITE_URL\' (this will throw an Error in a future version of PHP)', 'FCPATH\\modules\\Template\\Views\\common\\footer.php', 22, [])
 2 SYSTEMPATH\View\View.php(213): include('FCPATH\\modules\\Template\\Views\\common\\footer.php')
 3 SYSTEMPATH\View\View.php(216): CodeIgniter\View\View->CodeIgniter\View\{closure}()
 4 SYSTEMPATH\View\View.php(429): CodeIgniter\View\View->render('\\Modules\\Template\\Views\\common\\footer', null, true)
 5 FCPATH\modules\Template\Views\layouts.php(9): CodeIgniter\View\View->include('\\Modules\\Template\\Views\\common\\footer')
 6 SYSTEMPATH\View\View.php(213): include('FCPATH\\modules\\Template\\Views\\layouts.php')
 7 SYSTEMPATH\View\View.php(216): CodeIgniter\View\View->CodeIgniter\View\{closure}()
 8 SYSTEMPATH\View\View.php(229): CodeIgniter\View\View->render('\\Modules\\Template\\Views\\layouts', [], true)
 9 SYSTEMPATH\Common.php(1137): CodeIgniter\View\View->render('\\Modules\\UserModule\\Views\\login', [], true)
10 FCPATH\modules\UserModule\Controllers\UserController.php(106): view('\\Modules\\UserModule\\Views\\login')
11 SYSTEMPATH\CodeIgniter.php(904): Modules\UserModule\Controllers\UserController->login()
12 SYSTEMPATH\CodeIgniter.php(457): CodeIgniter\CodeIgniter->runController(Object(Modules\UserModule\Controllers\UserController))
13 SYSTEMPATH\CodeIgniter.php(340): CodeIgniter\CodeIgniter->handleRequest(null, Object(Config\Cache), false)
14 FCPATH\index.php(95): CodeIgniter\CodeIgniter->run()
CRITICAL - 2022-09-07 01:02:47 --> Call to undefined method CodeIgniter\View\View::setBaseUrl()
in FCPATH\modules\Template\Views\common\footer.php on line 30.
 1 SYSTEMPATH\View\View.php(213): include()
 2 SYSTEMPATH\View\View.php(216): CodeIgniter\View\View->CodeIgniter\View\{closure}()
 3 SYSTEMPATH\View\View.php(429): CodeIgniter\View\View->render('\\Modules\\Template\\Views\\common\\footer', null, true)
 4 FCPATH\modules\Template\Views\layouts.php(9): CodeIgniter\View\View->include('\\Modules\\Template\\Views\\common\\footer')
 5 SYSTEMPATH\View\View.php(213): include('FCPATH\\modules\\Template\\Views\\layouts.php')
 6 SYSTEMPATH\View\View.php(216): CodeIgniter\View\View->CodeIgniter\View\{closure}()
 7 SYSTEMPATH\View\View.php(229): CodeIgniter\View\View->render('\\Modules\\Template\\Views\\layouts', [], true)
 8 SYSTEMPATH\Common.php(1137): CodeIgniter\View\View->render('\\Modules\\UserModule\\Views\\login', [], true)
 9 FCPATH\modules\UserModule\Controllers\UserController.php(106): view('\\Modules\\UserModule\\Views\\login')
10 SYSTEMPATH\CodeIgniter.php(904): Modules\UserModule\Controllers\UserController->login()
11 SYSTEMPATH\CodeIgniter.php(457): CodeIgniter\CodeIgniter->runController(Object(Modules\UserModule\Controllers\UserController))
12 SYSTEMPATH\CodeIgniter.php(340): CodeIgniter\CodeIgniter->handleRequest(null, Object(Config\Cache), false)
13 FCPATH\index.php(95): CodeIgniter\CodeIgniter->run()
CRITICAL - 2022-09-07 01:04:57 --> Undefined variable: email
in FCPATH\modules\Template\Views\common\footer.php on line 14.
 1 FCPATH\modules\Template\Views\common\footer.php(14): CodeIgniter\Debug\Exceptions->errorHandler(8, 'Undefined variable: email', 'FCPATH\\modules\\Template\\Views\\common\\footer.php', 14, [])
 2 SYSTEMPATH\View\View.php(213): include('FCPATH\\modules\\Template\\Views\\common\\footer.php')
 3 SYSTEMPATH\View\View.php(216): CodeIgniter\View\View->CodeIgniter\View\{closure}()
 4 SYSTEMPATH\View\View.php(429): CodeIgniter\View\View->render('\\Modules\\Template\\Views\\common\\footer', null, true)
 5 FCPATH\modules\Template\Views\layouts.php(9): CodeIgniter\View\View->include('\\Modules\\Template\\Views\\common\\footer')
 6 SYSTEMPATH\View\View.php(213): include('FCPATH\\modules\\Template\\Views\\layouts.php')
 7 SYSTEMPATH\View\View.php(216): CodeIgniter\View\View->CodeIgniter\View\{closure}()
 8 SYSTEMPATH\View\View.php(229): CodeIgniter\View\View->render('\\Modules\\Template\\Views\\layouts', [], true)
 9 SYSTEMPATH\Common.php(1137): CodeIgniter\View\View->render('\\Modules\\UserModule\\Views\\login', [], true)
10 FCPATH\modules\UserModule\Controllers\UserController.php(106): view('\\Modules\\UserModule\\Views\\login')
11 SYSTEMPATH\CodeIgniter.php(904): Modules\UserModule\Controllers\UserController->login()
12 SYSTEMPATH\CodeIgniter.php(457): CodeIgniter\CodeIgniter->runController(Object(Modules\UserModule\Controllers\UserController))
13 SYSTEMPATH\CodeIgniter.php(340): CodeIgniter\CodeIgniter->handleRequest(null, Object(Config\Cache), false)
14 FCPATH\index.php(95): CodeIgniter\CodeIgniter->run()
CRITICAL - 2022-09-07 01:08:56 --> Call to undefined function base_path()
in FCPATH\modules\Template\Views\common\header.php on line 11.
 1 SYSTEMPATH\View\View.php(213): include()
 2 SYSTEMPATH\View\View.php(216): CodeIgniter\View\View->CodeIgniter\View\{closure}()
 3 SYSTEMPATH\View\View.php(429): CodeIgniter\View\View->render('\\Modules\\Template\\Views\\common\\header', null, true)
 4 FCPATH\modules\Template\Views\layouts.php(1): CodeIgniter\View\View->include('\\Modules\\Template\\Views\\common\\header')
 5 SYSTEMPATH\View\View.php(213): include('FCPATH\\modules\\Template\\Views\\layouts.php')
 6 SYSTEMPATH\View\View.php(216): CodeIgniter\View\View->CodeIgniter\View\{closure}()
 7 SYSTEMPATH\View\View.php(229): CodeIgniter\View\View->render('\\Modules\\Template\\Views\\layouts', [], true)
 8 SYSTEMPATH\Common.php(1137): CodeIgniter\View\View->render('\\Modules\\UserModule\\Views\\login', [], true)
 9 FCPATH\modules\UserModule\Controllers\UserController.php(106): view('\\Modules\\UserModule\\Views\\login')
10 SYSTEMPATH\CodeIgniter.php(904): Modules\UserModule\Controllers\UserController->login()
11 SYSTEMPATH\CodeIgniter.php(457): CodeIgniter\CodeIgniter->runController(Object(Modules\UserModule\Controllers\UserController))
12 SYSTEMPATH\CodeIgniter.php(340): CodeIgniter\CodeIgniter->handleRequest(null, Object(Config\Cache), false)
13 FCPATH\index.php(95): CodeIgniter\CodeIgniter->run()
CRITICAL - 2022-09-07 01:08:57 --> Call to undefined function base_path()
in FCPATH\modules\Template\Views\common\header.php on line 11.
 1 SYSTEMPATH\View\View.php(213): include()
 2 SYSTEMPATH\View\View.php(216): CodeIgniter\View\View->CodeIgniter\View\{closure}()
 3 SYSTEMPATH\View\View.php(429): CodeIgniter\View\View->render('\\Modules\\Template\\Views\\common\\header', null, true)
 4 FCPATH\modules\Template\Views\layouts.php(1): CodeIgniter\View\View->include('\\Modules\\Template\\Views\\common\\header')
 5 SYSTEMPATH\View\View.php(213): include('FCPATH\\modules\\Template\\Views\\layouts.php')
 6 SYSTEMPATH\View\View.php(216): CodeIgniter\View\View->CodeIgniter\View\{closure}()
 7 SYSTEMPATH\View\View.php(229): CodeIgniter\View\View->render('\\Modules\\Template\\Views\\layouts', [], true)
 8 SYSTEMPATH\Common.php(1137): CodeIgniter\View\View->render('\\Modules\\UserModule\\Views\\login', [], true)
 9 FCPATH\modules\UserModule\Controllers\UserController.php(106): view('\\Modules\\UserModule\\Views\\login')
10 SYSTEMPATH\CodeIgniter.php(904): Modules\UserModule\Controllers\UserController->login()
11 SYSTEMPATH\CodeIgniter.php(457): CodeIgniter\CodeIgniter->runController(Object(Modules\UserModule\Controllers\UserController))
12 SYSTEMPATH\CodeIgniter.php(340): CodeIgniter\CodeIgniter->handleRequest(null, Object(Config\Cache), false)
13 FCPATH\index.php(95): CodeIgniter\CodeIgniter->run()
CRITICAL - 2022-09-07 01:08:58 --> Call to undefined function base_path()
in FCPATH\modules\Template\Views\common\header.php on line 11.
 1 SYSTEMPATH\View\View.php(213): include()
 2 SYSTEMPATH\View\View.php(216): CodeIgniter\View\View->CodeIgniter\View\{closure}()
 3 SYSTEMPATH\View\View.php(429): CodeIgniter\View\View->render('\\Modules\\Template\\Views\\common\\header', null, true)
 4 FCPATH\modules\Template\Views\layouts.php(1): CodeIgniter\View\View->include('\\Modules\\Template\\Views\\common\\header')
 5 SYSTEMPATH\View\View.php(213): include('FCPATH\\modules\\Template\\Views\\layouts.php')
 6 SYSTEMPATH\View\View.php(216): CodeIgniter\View\View->CodeIgniter\View\{closure}()
 7 SYSTEMPATH\View\View.php(229): CodeIgniter\View\View->render('\\Modules\\Template\\Views\\layouts', [], true)
 8 SYSTEMPATH\Common.php(1137): CodeIgniter\View\View->render('\\Modules\\UserModule\\Views\\login', [], true)
 9 FCPATH\modules\UserModule\Controllers\UserController.php(106): view('\\Modules\\UserModule\\Views\\login')
10 SYSTEMPATH\CodeIgniter.php(904): Modules\UserModule\Controllers\UserController->login()
11 SYSTEMPATH\CodeIgniter.php(457): CodeIgniter\CodeIgniter->runController(Object(Modules\UserModule\Controllers\UserController))
12 SYSTEMPATH\CodeIgniter.php(340): CodeIgniter\CodeIgniter->handleRequest(null, Object(Config\Cache), false)
13 FCPATH\index.php(95): CodeIgniter\CodeIgniter->run()
CRITICAL - 2022-09-07 01:13:50 --> Use of undefined constant base_path - assumed 'base_path' (this will throw an Error in a future version of PHP)
in FCPATH\modules\Template\Views\common\header.php on line 11.
 1 FCPATH\modules\Template\Views\common\header.php(11): CodeIgniter\Debug\Exceptions->errorHandler(2, 'Use of undefined constant base_path - assumed \'base_path\' (this will throw an Error in a future version of PHP)', 'FCPATH\\modules\\Template\\Views\\common\\header.php', 11, [])
 2 SYSTEMPATH\View\View.php(213): include('FCPATH\\modules\\Template\\Views\\common\\header.php')
 3 SYSTEMPATH\View\View.php(216): CodeIgniter\View\View->CodeIgniter\View\{closure}()
 4 SYSTEMPATH\View\View.php(429): CodeIgniter\View\View->render('\\Modules\\Template\\Views\\common\\header', null, true)
 5 FCPATH\modules\Template\Views\layouts.php(1): CodeIgniter\View\View->include('\\Modules\\Template\\Views\\common\\header')
 6 SYSTEMPATH\View\View.php(213): include('FCPATH\\modules\\Template\\Views\\layouts.php')
 7 SYSTEMPATH\View\View.php(216): CodeIgniter\View\View->CodeIgniter\View\{closure}()
 8 SYSTEMPATH\View\View.php(229): CodeIgniter\View\View->render('\\Modules\\Template\\Views\\layouts', [], true)
 9 SYSTEMPATH\Common.php(1137): CodeIgniter\View\View->render('\\Modules\\UserModule\\Views\\login', [], true)
10 FCPATH\modules\UserModule\Controllers\UserController.php(106): view('\\Modules\\UserModule\\Views\\login')
11 SYSTEMPATH\CodeIgniter.php(904): Modules\UserModule\Controllers\UserController->login()
12 SYSTEMPATH\CodeIgniter.php(457): CodeIgniter\CodeIgniter->runController(Object(Modules\UserModule\Controllers\UserController))
13 SYSTEMPATH\CodeIgniter.php(340): CodeIgniter\CodeIgniter->handleRequest(null, Object(Config\Cache), false)
14 FCPATH\index.php(95): CodeIgniter\CodeIgniter->run()
CRITICAL - 2022-09-07 01:13:51 --> Use of undefined constant base_path - assumed 'base_path' (this will throw an Error in a future version of PHP)
in FCPATH\modules\Template\Views\common\header.php on line 11.
 1 FCPATH\modules\Template\Views\common\header.php(11): CodeIgniter\Debug\Exceptions->errorHandler(2, 'Use of undefined constant base_path - assumed \'base_path\' (this will throw an Error in a future version of PHP)', 'FCPATH\\modules\\Template\\Views\\common\\header.php', 11, [])
 2 SYSTEMPATH\View\View.php(213): include('FCPATH\\modules\\Template\\Views\\common\\header.php')
 3 SYSTEMPATH\View\View.php(216): CodeIgniter\View\View->CodeIgniter\View\{closure}()
 4 SYSTEMPATH\View\View.php(429): CodeIgniter\View\View->render('\\Modules\\Template\\Views\\common\\header', null, true)
 5 FCPATH\modules\Template\Views\layouts.php(1): CodeIgniter\View\View->include('\\Modules\\Template\\Views\\common\\header')
 6 SYSTEMPATH\View\View.php(213): include('FCPATH\\modules\\Template\\Views\\layouts.php')
 7 SYSTEMPATH\View\View.php(216): CodeIgniter\View\View->CodeIgniter\View\{closure}()
 8 SYSTEMPATH\View\View.php(229): CodeIgniter\View\View->render('\\Modules\\Template\\Views\\layouts', [], true)
 9 SYSTEMPATH\Common.php(1137): CodeIgniter\View\View->render('\\Modules\\UserModule\\Views\\login', [], true)
10 FCPATH\modules\UserModule\Controllers\UserController.php(106): view('\\Modules\\UserModule\\Views\\login')
11 SYSTEMPATH\CodeIgniter.php(904): Modules\UserModule\Controllers\UserController->login()
12 SYSTEMPATH\CodeIgniter.php(457): CodeIgniter\CodeIgniter->runController(Object(Modules\UserModule\Controllers\UserController))
13 SYSTEMPATH\CodeIgniter.php(340): CodeIgniter\CodeIgniter->handleRequest(null, Object(Config\Cache), false)
14 FCPATH\index.php(95): CodeIgniter\CodeIgniter->run()
CRITICAL - 2022-09-07 01:13:52 --> Use of undefined constant base_path - assumed 'base_path' (this will throw an Error in a future version of PHP)
in FCPATH\modules\Template\Views\common\header.php on line 11.
 1 FCPATH\modules\Template\Views\common\header.php(11): CodeIgniter\Debug\Exceptions->errorHandler(2, 'Use of undefined constant base_path - assumed \'base_path\' (this will throw an Error in a future version of PHP)', 'FCPATH\\modules\\Template\\Views\\common\\header.php', 11, [])
 2 SYSTEMPATH\View\View.php(213): include('FCPATH\\modules\\Template\\Views\\common\\header.php')
 3 SYSTEMPATH\View\View.php(216): CodeIgniter\View\View->CodeIgniter\View\{closure}()
 4 SYSTEMPATH\View\View.php(429): CodeIgniter\View\View->render('\\Modules\\Template\\Views\\common\\header', null, true)
 5 FCPATH\modules\Template\Views\layouts.php(1): CodeIgniter\View\View->include('\\Modules\\Template\\Views\\common\\header')
 6 SYSTEMPATH\View\View.php(213): include('FCPATH\\modules\\Template\\Views\\layouts.php')
 7 SYSTEMPATH\View\View.php(216): CodeIgniter\View\View->CodeIgniter\View\{closure}()
 8 SYSTEMPATH\View\View.php(229): CodeIgniter\View\View->render('\\Modules\\Template\\Views\\layouts', [], true)
 9 SYSTEMPATH\Common.php(1137): CodeIgniter\View\View->render('\\Modules\\UserModule\\Views\\login', [], true)
10 FCPATH\modules\UserModule\Controllers\UserController.php(106): view('\\Modules\\UserModule\\Views\\login')
11 SYSTEMPATH\CodeIgniter.php(904): Modules\UserModule\Controllers\UserController->login()
12 SYSTEMPATH\CodeIgniter.php(457): CodeIgniter\CodeIgniter->runController(Object(Modules\UserModule\Controllers\UserController))
13 SYSTEMPATH\CodeIgniter.php(340): CodeIgniter\CodeIgniter->handleRequest(null, Object(Config\Cache), false)
14 FCPATH\index.php(95): CodeIgniter\CodeIgniter->run()
CRITICAL - 2022-09-07 01:13:52 --> Use of undefined constant base_path - assumed 'base_path' (this will throw an Error in a future version of PHP)
in FCPATH\modules\Template\Views\common\header.php on line 11.
 1 FCPATH\modules\Template\Views\common\header.php(11): CodeIgniter\Debug\Exceptions->errorHandler(2, 'Use of undefined constant base_path - assumed \'base_path\' (this will throw an Error in a future version of PHP)', 'FCPATH\\modules\\Template\\Views\\common\\header.php', 11, [])
 2 SYSTEMPATH\View\View.php(213): include('FCPATH\\modules\\Template\\Views\\common\\header.php')
 3 SYSTEMPATH\View\View.php(216): CodeIgniter\View\View->CodeIgniter\View\{closure}()
 4 SYSTEMPATH\View\View.php(429): CodeIgniter\View\View->render('\\Modules\\Template\\Views\\common\\header', null, true)
 5 FCPATH\modules\Template\Views\layouts.php(1): CodeIgniter\View\View->include('\\Modules\\Template\\Views\\common\\header')
 6 SYSTEMPATH\View\View.php(213): include('FCPATH\\modules\\Template\\Views\\layouts.php')
 7 SYSTEMPATH\View\View.php(216): CodeIgniter\View\View->CodeIgniter\View\{closure}()
 8 SYSTEMPATH\View\View.php(229): CodeIgniter\View\View->render('\\Modules\\Template\\Views\\layouts', [], true)
 9 SYSTEMPATH\Common.php(1137): CodeIgniter\View\View->render('\\Modules\\UserModule\\Views\\login', [], true)
10 FCPATH\modules\UserModule\Controllers\UserController.php(106): view('\\Modules\\UserModule\\Views\\login')
11 SYSTEMPATH\CodeIgniter.php(904): Modules\UserModule\Controllers\UserController->login()
12 SYSTEMPATH\CodeIgniter.php(457): CodeIgniter\CodeIgniter->runController(Object(Modules\UserModule\Controllers\UserController))
13 SYSTEMPATH\CodeIgniter.php(340): CodeIgniter\CodeIgniter->handleRequest(null, Object(Config\Cache), false)
14 FCPATH\index.php(95): CodeIgniter\CodeIgniter->run()
CRITICAL - 2022-09-07 01:22:23 --> Use of undefined constant base_path - assumed 'base_path' (this will throw an Error in a future version of PHP)
in FCPATH\modules\Template\Views\common\header.php on line 11.
 1 FCPATH\modules\Template\Views\common\header.php(11): CodeIgniter\Debug\Exceptions->errorHandler(2, 'Use of undefined constant base_path - assumed \'base_path\' (this will throw an Error in a future version of PHP)', 'FCPATH\\modules\\Template\\Views\\common\\header.php', 11, [])
 2 SYSTEMPATH\View\View.php(213): include('FCPATH\\modules\\Template\\Views\\common\\header.php')
 3 SYSTEMPATH\View\View.php(216): CodeIgniter\View\View->CodeIgniter\View\{closure}()
 4 SYSTEMPATH\View\View.php(429): CodeIgniter\View\View->render('\\Modules\\Template\\Views\\common\\header', null, true)
 5 FCPATH\modules\Template\Views\layouts.php(1): CodeIgniter\View\View->include('\\Modules\\Template\\Views\\common\\header')
 6 SYSTEMPATH\View\View.php(213): include('FCPATH\\modules\\Template\\Views\\layouts.php')
 7 SYSTEMPATH\View\View.php(216): CodeIgniter\View\View->CodeIgniter\View\{closure}()
 8 SYSTEMPATH\View\View.php(229): CodeIgniter\View\View->render('\\Modules\\Template\\Views\\layouts', [], true)
 9 SYSTEMPATH\Common.php(1137): CodeIgniter\View\View->render('\\Modules\\UserModule\\Views\\login', [], true)
10 FCPATH\modules\UserModule\Controllers\UserController.php(106): view('\\Modules\\UserModule\\Views\\login')
11 SYSTEMPATH\CodeIgniter.php(904): Modules\UserModule\Controllers\UserController->login()
12 SYSTEMPATH\CodeIgniter.php(457): CodeIgniter\CodeIgniter->runController(Object(Modules\UserModule\Controllers\UserController))
13 SYSTEMPATH\CodeIgniter.php(340): CodeIgniter\CodeIgniter->handleRequest(null, Object(Config\Cache), false)
14 FCPATH\index.php(95): CodeIgniter\CodeIgniter->run()
CRITICAL - 2022-09-07 01:22:23 --> Use of undefined constant base_path - assumed 'base_path' (this will throw an Error in a future version of PHP)
in FCPATH\modules\Template\Views\common\header.php on line 11.
 1 FCPATH\modules\Template\Views\common\header.php(11): CodeIgniter\Debug\Exceptions->errorHandler(2, 'Use of undefined constant base_path - assumed \'base_path\' (this will throw an Error in a future version of PHP)', 'FCPATH\\modules\\Template\\Views\\common\\header.php', 11, [])
 2 SYSTEMPATH\View\View.php(213): include('FCPATH\\modules\\Template\\Views\\common\\header.php')
 3 SYSTEMPATH\View\View.php(216): CodeIgniter\View\View->CodeIgniter\View\{closure}()
 4 SYSTEMPATH\View\View.php(429): CodeIgniter\View\View->render('\\Modules\\Template\\Views\\common\\header', null, true)
 5 FCPATH\modules\Template\Views\layouts.php(1): CodeIgniter\View\View->include('\\Modules\\Template\\Views\\common\\header')
 6 SYSTEMPATH\View\View.php(213): include('FCPATH\\modules\\Template\\Views\\layouts.php')
 7 SYSTEMPATH\View\View.php(216): CodeIgniter\View\View->CodeIgniter\View\{closure}()
 8 SYSTEMPATH\View\View.php(229): CodeIgniter\View\View->render('\\Modules\\Template\\Views\\layouts', [], true)
 9 SYSTEMPATH\Common.php(1137): CodeIgniter\View\View->render('\\Modules\\UserModule\\Views\\login', [], true)
10 FCPATH\modules\UserModule\Controllers\UserController.php(106): view('\\Modules\\UserModule\\Views\\login')
11 SYSTEMPATH\CodeIgniter.php(904): Modules\UserModule\Controllers\UserController->login()
12 SYSTEMPATH\CodeIgniter.php(457): CodeIgniter\CodeIgniter->runController(Object(Modules\UserModule\Controllers\UserController))
13 SYSTEMPATH\CodeIgniter.php(340): CodeIgniter\CodeIgniter->handleRequest(null, Object(Config\Cache), false)
14 FCPATH\index.php(95): CodeIgniter\CodeIgniter->run()
